<?xml version="1.0" encoding="UTF-8"?>
<!-- Generated by org.testng.reporters.JUnitReportReporter -->
<testsuite skipped="0" hostname="LIN16007873" name="testCases.Test_script_test1" tests="2" failures="0" timestamp="15 Mar 2021 14:19:48 GMT" time="92.338" errors="0">
  <testcase name="Login" time="43.119" classname="testCases.Test_script_test1"/>
  <testcase name="Login" time="49.219" classname="testCases.Test_script_test1"/>
</testsuite> <!-- testCases.Test_script_test1 -->
