<?xml version="1.0" encoding="UTF-8"?>
<!-- Generated by org.testng.reporters.JUnitReportReporter -->
<testsuite skipped="0" hostname="LIN16007873" name="cucumberOptions.TestRunner" tests="1" failures="0" timestamp="15 Mar 2021 14:19:48 GMT" time="35.609" errors="0">
  <testcase name="feature" time="35.609" classname="cucumberOptions.TestRunner"/>
</testsuite> <!-- cucumberOptions.TestRunner -->
